objc[16445]: Class CDPKeychainItemDescriptor is implemented in both /Users/bedrosgarabedyan/Downloads/Xcode.app/Contents/Developer/Platforms/iPhoneOS.platform/Library/Developer/CoreSimulator/Profiles/Runtimes/iOS.simruntime/Contents/Resources/RuntimeRoot/System/Library/PrivateFrameworks/CoreCDPInternal.framework/CoreCDPInternal (0x161216d28) and /Users/bedrosgarabedyan/Downloads/Xcode.app/Contents/Developer/Platforms/iPhoneOS.platform/Library/Developer/CoreSimulator/Profiles/Runtimes/iOS.simruntime/Contents/Resources/RuntimeRoot/System/Library/PrivateFrameworks/CoreCDP.framework/CoreCDP (0x157514d28). One of the two will be used. Which one is undefined.
objc[16445]: Class CDPCAWalrusReporter is implemented in both /Users/bedrosgarabedyan/Downloads/Xcode.app/Contents/Developer/Platforms/iPhoneOS.platform/Library/Developer/CoreSimulator/Profiles/Runtimes/iOS.simruntime/Contents/Resources/RuntimeRoot/System/Library/PrivateFrameworks/CoreCDPInternal.framework/CoreCDPInternal (0x161217598) and /Users/bedrosgarabedyan/Downloads/Xcode.app/Contents/Developer/Platforms/iPhoneOS.platform/Library/Developer/CoreSimulator/Profiles/Runtimes/iOS.simruntime/Contents/Resources/RuntimeRoot/System/Library/PrivateFrameworks/CoreCDP.framework/CoreCDP (0x157514f08). One of the two will be used. Which one is undefined.
objc[16445]: Class CDPCAReporter is implemented in both /Users/bedrosgarabedyan/Downloads/Xcode.app/Contents/Developer/Platforms/iPhoneOS.platform/Library/Developer/CoreSimulator/Profiles/Runtimes/iOS.simruntime/Contents/Resources/RuntimeRoot/System/Library/PrivateFrameworks/CoreCDPInternal.framework/CoreCDPInternal (0x161217368) and /Users/bedrosgarabedyan/Downloads/Xcode.app/Contents/Developer/Platforms/iPhoneOS.platform/Library/Developer/CoreSimulator/Profiles/Runtimes/iOS.simruntime/Contents/Resources/RuntimeRoot/System/Library/PrivateFrameworks/CoreCDP.framework/CoreCDP (0x157515138). One of the two will be used. Which one is undefined.
objc[16445]: Class CDPRecoveryKeyCache is implemented in both /Users/bedrosgarabedyan/Downloads/Xcode.app/Contents/Developer/Platforms/iPhoneOS.platform/Library/Developer/CoreSimulator/Profiles/Runtimes/iOS.simruntime/Contents/Resources/RuntimeRoot/System/Library/PrivateFrameworks/CoreCDPInternal.framework/CoreCDPInternal (0x161217098) and /Users/bedrosgarabedyan/Downloads/Xcode.app/Contents/Developer/Platforms/iPhoneOS.platform/Library/Developer/CoreSimulator/Profiles/Runtimes/iOS.simruntime/Contents/Resources/RuntimeRoot/System/Library/PrivateFrameworks/CoreCDP.framework/CoreCDP (0x1575151d8). One of the two will be used. Which one is undefined.
objc[16445]: Class CDPCABackupRecoveryReporter is implemented in both /Users/bedrosgarabedyan/Downloads/Xcode.app/Contents/Developer/Platforms/iPhoneOS.platform/Library/Developer/CoreSimulator/Profiles/Runtimes/iOS.simruntime/Contents/Resources/RuntimeRoot/System/Library/PrivateFrameworks/CoreCDPInternal.framework/CoreCDPInternal (0x161218268) and /Users/bedrosgarabedyan/Downloads/Xcode.app/Contents/Developer/Platforms/iPhoneOS.platform/Library/Developer/CoreSimulator/Profiles/Runtimes/iOS.simruntime/Contents/Resources/RuntimeRoot/System/Library/PrivateFrameworks/CoreCDP.framework/CoreCDP (0x1575153b8). One of the two will be used. Which one is undefined.
2023-07-16 22:42:20.433922+0300 Movies[16445:311749] Microsoft.iOS: Socket error while connecting to IDE on 127.0.0.1:10000: Connection refused
2023-07-16 22:42:22.090689+0300 Movies[16445:311674] SecTaskLoadEntitlements failed error=22 cs_flags=200, pid=16445
2023-07-16 22:42:22.091644+0300 Movies[16445:311674] SecTaskCopyDebugDescription: Movies[16445]/0#-1 LF=0
2023-07-16 22:42:22.202396+0300 Movies[16445:311674] SecTaskLoadEntitlements failed error=22 cs_flags=200, pid=16445
2023-07-16 22:42:22.202589+0300 Movies[16445:311674] SecTaskCopyDebugDescription: Movies[16445]/0#-1 LF=0
2023-07-16 22:42:22.917532+0300 Movies[16445:311748] SecTaskLoadEntitlements failed error=22 cs_flags=200, pid=16445
2023-07-16 22:42:22.917690+0300 Movies[16445:311748] SecTaskCopyDebugDescription: Movies[16445]/0#-1 LF=0
2023-07-16 22:42:23.177103+0300 Movies[16445:311674] [TableView] Warning once only: UITableView was told to layout its visible cells and other contents without being in the view hierarchy (the table view or one of its superviews has not been added to a window). This may cause bugs by forcing views inside the table view to load and perform layout without accurate information (e.g. table view bounds, trait collection, layout margins, safe area insets, etc), and will also cause unnecessary performance overhead due to extra layout passes. Make a symbolic breakpoint at UITableViewAlertForLayoutOutsideViewHierarchy to catch this in the debugger and see what caused this to occur, so you can avoid this action altogether if possible, or defer it until the table view has been added to a window. Table view: <_UIMoreListTableView: 0x7fcd8b80a200; frame = (0 0; 0 0); clipsToBounds = YES; gestureRecognizers = <NSArray: 0x6000023a6940>; backgroundColor = <UIDynamicSystemColor: 0x600003874b00; name = tableBackgroundColor>; layer = <CALayer: 0x600002994e80>; contentOffset: {0, 0}; contentSize: {0, 0}; adjustedContentInset: {0, 0, 0, 0}; dataSource: <UIMoreListController: 0x7fcd867284d0>>
2023-07-16 22:42:23.413696+0300 Movies[16445:311818] SecTaskLoadEntitlements failed error=22 cs_flags=200, pid=16445
2023-07-16 22:42:23.413893+0300 Movies[16445:311818] SecTaskCopyDebugDescription: Movies[16445]/0#-1 LF=0
2023-07-16 22:42:23.545430+0300 Movies[16445:311793] [unspecified] container_query_get_single_result: error = 2→(98) NOT_CODESIGNED
2023-07-16 22:42:23.545761+0300 Movies[16445:311793] [unspecified] container_system_group_path_for_identifier: error = ((container_error_t)98) NOT_CODESIGNED
2023-07-16 22:42:23.690015+0300 Movies[16445:311793] SecTaskLoadEntitlements failed error=22 cs_flags=200, pid=16445
2023-07-16 22:42:23.690203+0300 Movies[16445:311793] SecTaskCopyDebugDescription: Movies[16445]/0#-1 LF=0
2023-07-16 22:42:23.690326+0300 Movies[16445:311793] SecTaskLoadEntitlements failed error=22 cs_flags=200, pid=16445
2023-07-16 22:42:23.690417+0300 Movies[16445:311793] SecTaskCopyDebugDescription: Movies[16445]/0#-1 LF=0
2023-07-16 22:42:23.816739+0300 Movies[16445:311674] SecTaskLoadEntitlements failed error=22 cs_flags=200, pid=16445
2023-07-16 22:42:23.816948+0300 Movies[16445:311674] SecTaskCopyDebugDescription: Movies[16445]/0#-1 LF=0
2023-07-16 22:42:24.073553+0300 Movies[16445:311754] Warning: observer object was not disposed manually with Dispose()
2023-07-16 22:42:24.073691+0300 Movies[16445:311754] Warning: observer object was not disposed manually with Dispose()
2023-07-16 22:42:24.310141+0300 Movies[16445:311674] The behavior of the UICollectionViewFlowLayout is not defined because:
2023-07-16 22:42:24.310326+0300 Movies[16445:311674] the item height must be less than the height of the UICollectionView minus the section insets top and bottom values, minus the content insets top and bottom values.
2023-07-16 22:42:24.310864+0300 Movies[16445:311674] The relevant UICollectionViewFlowLayout instance is <UICollectionViewFlowLayout: 0x7fcd873c1820>, and it is attached to <UICollectionView: 0x7fcd8bb42e00; frame = (0 0; 350 50); clipsToBounds = YES; gestureRecognizers = <NSArray: 0x6000023e01b0>; backgroundColor = <UIDynamicSystemColor: 0x60000387bac0; name = systemBackgroundColor>; layer = <CALayer: 0x6000027ce140>; contentOffset: {0, 0}; contentSize: {0, 0}; adjustedContentInset: {0, 0, 0, 0}; layout: <UICollectionViewFlowLayout: 0x7fcd873c1820>; dataSource: <Movies_Platforms_iOS_Adapters_RatingAdapterIOS: 0x600006f22680>>.
2023-07-16 22:42:24.310941+0300 Movies[16445:311674] Make a symbolic breakpoint at UICollectionViewFlowLayoutBreakForInvalidSizes to catch this in the debugger.
2023-07-16 22:42:24.444093+0300 Movies[16445:311674] The behavior of the UICollectionViewFlowLayout is not defined because:
2023-07-16 22:42:24.444215+0300 Movies[16445:311674] the item height must be less than the height of the UICollectionView minus the section insets top and bottom values, minus the content insets top and bottom values.
2023-07-16 22:42:24.444392+0300 Movies[16445:311674] The relevant UICollectionViewFlowLayout instance is <UICollectionViewFlowLayout: 0x7fcd8676b300>, and it is attached to <UICollectionView: 0x7fcd8dc61e00; frame = (0 0; 350 50); clipsToBounds = YES; gestureRecognizers = <NSArray: 0x6000023fa1c0>; backgroundColor = <UIDynamicSystemColor: 0x60000387bac0; name = systemBackgroundColor>; layer = <CALayer: 0x60000260f3c0>; contentOffset: {0, 0}; contentSize: {0, 0}; adjustedContentInset: {0, 0, 0, 0}; layout: <UICollectionViewFlowLayout: 0x7fcd8676b300>; dataSource: <Movies_Platforms_iOS_Adapters_RatingAdapterIOS: 0x600006f0ae80>>.
2023-07-16 22:42:24.444456+0300 Movies[16445:311674] Make a symbolic breakpoint at UICollectionViewFlowLayoutBreakForInvalidSizes to catch this in the debugger.
2023-07-16 22:42:34.194410+0300 Movies[16445:311674] The behavior of the UICollectionViewFlowLayout is not defined because:
2023-07-16 22:42:34.194601+0300 Movies[16445:311674] the item height must be less than the height of the UICollectionView minus the section insets top and bottom values, minus the content insets top and bottom values.
2023-07-16 22:42:34.194781+0300 Movies[16445:311674] The relevant UICollectionViewFlowLayout instance is <UICollectionViewFlowLayout: 0x7fcd8676b300>, and it is attached to <UICollectionView: 0x7fcd8dc61e00; frame = (0 0; 350 50); clipsToBounds = YES; gestureRecognizers = <NSArray: 0x6000023fa1c0>; backgroundColor = <UIDynamicSystemColor: 0x60000387bac0; name = systemBackgroundColor>; layer = <CALayer: 0x60000260f3c0>; contentOffset: {0, 0}; contentSize: {255, 50}; adjustedContentInset: {0, 0, 0, 0}; layout: <UICollectionViewFlowLayout: 0x7fcd8676b300>; dataSource: <Movies_Platforms_iOS_Adapters_RatingAdapterIOS: 0x600006f0ae80>>.
2023-07-16 22:42:34.194833+0300 Movies[16445:311674] Make a symbolic breakpoint at UICollectionViewFlowLayoutBreakForInvalidSizes to catch this in the debugger.
2023-07-16 22:42:34.206103+0300 Movies[16445:311674] The behavior of the UICollectionViewFlowLayout is not defined because:
2023-07-16 22:42:34.206259+0300 Movies[16445:311674] the item height must be less than the height of the UICollectionView minus the section insets top and bottom values, minus the content insets top and bottom values.
2023-07-16 22:42:34.206504+0300 Movies[16445:311674] The relevant UICollectionViewFlowLayout instance is <UICollectionViewFlowLayout: 0x7fcd873c1820>, and it is attached to <UICollectionView: 0x7fcd8bb42e00; frame = (0 0; 350 50); clipsToBounds = YES; gestureRecognizers = <NSArray: 0x6000023e01b0>; backgroundColor = <UIDynamicSystemColor: 0x60000387bac0; name = systemBackgroundColor>; layer = <CALayer: 0x6000027ce140>; contentOffset: {0, 0}; contentSize: {255, 50}; adjustedContentInset: {0, 0, 0, 0}; layout: <UICollectionViewFlowLayout: 0x7fcd873c1820>; dataSource: <Movies_Platforms_iOS_Adapters_RatingAdapterIOS: 0x600006f22680>>.
2023-07-16 22:42:34.206604+0300 Movies[16445:311674] Make a symbolic breakpoint at UICollectionViewFlowLayoutBreakForInvalidSizes to catch this in the debugger.
2023-07-16 22:42:34.682793+0300 Movies[16445:311674] The behavior of the UICollectionViewFlowLayout is not defined because:
2023-07-16 22:42:34.683009+0300 Movies[16445:311674] the item height must be less than the height of the UICollectionView minus the section insets top and bottom values, minus the content insets top and bottom values.
2023-07-16 22:42:34.683395+0300 Movies[16445:311674] The relevant UICollectionViewFlowLayout instance is <UICollectionViewFlowLayout: 0x7fcd8676b300>, and it is attached to <UICollectionView: 0x7fcd8dc61e00; frame = (0 0; 350 50); clipsToBounds = YES; gestureRecognizers = <NSArray: 0x6000023fa1c0>; backgroundColor = <UIDynamicSystemColor: 0x60000387bac0; name = systemBackgroundColor>; layer = <CALayer: 0x60000260f3c0>; contentOffset: {0, 0}; contentSize: {255, 50}; adjustedContentInset: {0, 0, 0, 0}; layout: <UICollectionViewFlowLayout: 0x7fcd8676b300>; dataSource: <Movies_Platforms_iOS_Adapters_RatingAdapterIOS: 0x600006f0ae80>>.
2023-07-16 22:42:34.683574+0300 Movies[16445:311674] Make a symbolic breakpoint at UICollectionViewFlowLayoutBreakForInvalidSizes to catch this in the debugger.
2023-07-16 22:42:34.705498+0300 Movies[16445:311674] The behavior of the UICollectionViewFlowLayout is not defined because:
2023-07-16 22:42:34.705649+0300 Movies[16445:311674] the item height must be less than the height of the UICollectionView minus the section insets top and bottom values, minus the content insets top and bottom values.
2023-07-16 22:42:34.705897+0300 Movies[16445:311674] The relevant UICollectionViewFlowLayout instance is <UICollectionViewFlowLayout: 0x7fcd873c1820>, and it is attached to <UICollectionView: 0x7fcd8bb42e00; frame = (0 0; 350 50); clipsToBounds = YES; gestureRecognizers = <NSArray: 0x6000023e01b0>; backgroundColor = <UIDynamicSystemColor: 0x60000387bac0; name = systemBackgroundColor>; layer = <CALayer: 0x6000027ce140>; contentOffset: {0, 0}; contentSize: {255, 50}; adjustedContentInset: {0, 0, 0, 0}; layout: <UICollectionViewFlowLayout: 0x7fcd873c1820>; dataSource: <Movies_Platforms_iOS_Adapters_RatingAdapterIOS: 0x600006f22680>>.
2023-07-16 22:42:34.705997+0300 Movies[16445:311674] Make a symbolic breakpoint at UICollectionViewFlowLayoutBreakForInvalidSizes to catch this in the debugger.
2023-07-16 22:42:35.134631+0300 Movies[16445:311674] The behavior of the UICollectionViewFlowLayout is not defined because:
2023-07-16 22:42:35.135060+0300 Movies[16445:311674] the item height must be less than the height of the UICollectionView minus the section insets top and bottom values, minus the content insets top and bottom values.
2023-07-16 22:42:35.135664+0300 Movies[16445:311674] The relevant UICollectionViewFlowLayout instance is <UICollectionViewFlowLayout: 0x7fcd8676b300>, and it is attached to <UICollectionView: 0x7fcd8dc61e00; frame = (0 0; 350 50); clipsToBounds = YES; gestureRecognizers = <NSArray: 0x6000023fa1c0>; backgroundColor = <UIDynamicSystemColor: 0x60000387bac0; name = systemBackgroundColor>; layer = <CALayer: 0x60000260f3c0>; contentOffset: {0, 0}; contentSize: {255, 50}; adjustedContentInset: {0, 0, 0, 0}; layout: <UICollectionViewFlowLayout: 0x7fcd8676b300>; dataSource: <Movies_Platforms_iOS_Adapters_RatingAdapterIOS: 0x600006f0ae80>>.
2023-07-16 22:42:35.135906+0300 Movies[16445:311674] Make a symbolic breakpoint at UICollectionViewFlowLayoutBreakForInvalidSizes to catch this in the debugger.
2023-07-16 22:42:35.158059+0300 Movies[16445:311674] The behavior of the UICollectionViewFlowLayout is not defined because:
2023-07-16 22:42:35.158264+0300 Movies[16445:311674] the item height must be less than the height of the UICollectionView minus the section insets top and bottom values, minus the content insets top and bottom values.
2023-07-16 22:42:35.158579+0300 Movies[16445:311674] The relevant UICollectionViewFlowLayout instance is <UICollectionViewFlowLayout: 0x7fcd873c1820>, and it is attached to <UICollectionView: 0x7fcd8bb42e00; frame = (0 0; 350 50); clipsToBounds = YES; gestureRecognizers = <NSArray: 0x6000023e01b0>; backgroundColor = <UIDynamicSystemColor: 0x60000387bac0; name = systemBackgroundColor>; layer = <CALayer: 0x6000027ce140>; contentOffset: {0, 0}; contentSize: {255, 50}; adjustedContentInset: {0, 0, 0, 0}; layout: <UICollectionViewFlowLayout: 0x7fcd873c1820>; dataSource: <Movies_Platforms_iOS_Adapters_RatingAdapterIOS: 0x600006f22680>>.
2023-07-16 22:42:35.158689+0300 Movies[16445:311674] Make a symbolic breakpoint at UICollectionViewFlowLayoutBreakForInvalidSizes to catch this in the debugger.
2023-07-16 22:42:35.762150+0300 Movies[16445:311674] The behavior of the UICollectionViewFlowLayout is not defined because:
2023-07-16 22:42:35.762221+0300 Movies[16445:311674] the item height must be less than the height of the UICollectionView minus the section insets top and bottom values, minus the content insets top and bottom values.
2023-07-16 22:42:35.762358+0300 Movies[16445:311674] The relevant UICollectionViewFlowLayout instance is <UICollectionViewFlowLayout: 0x7fcd8676b300>, and it is attached to <UICollectionView: 0x7fcd8dc61e00; frame = (0 0; 350 50); clipsToBounds = YES; gestureRecognizers = <NSArray: 0x6000023fa1c0>; backgroundColor = <UIDynamicSystemColor: 0x60000387bac0; name = systemBackgroundColor>; layer = <CALayer: 0x60000260f3c0>; contentOffset: {0, 0}; contentSize: {255, 50}; adjustedContentInset: {0, 0, 0, 0}; layout: <UICollectionViewFlowLayout: 0x7fcd8676b300>; dataSource: <Movies_Platforms_iOS_Adapters_RatingAdapterIOS: 0x600006f0ae80>>.
2023-07-16 22:42:35.762430+0300 Movies[16445:311674] Make a symbolic breakpoint at UICollectionViewFlowLayoutBreakForInvalidSizes to catch this in the debugger.
2023-07-16 22:42:35.779163+0300 Movies[16445:311674] The behavior of the UICollectionViewFlowLayout is not defined because:
2023-07-16 22:42:35.779245+0300 Movies[16445:311674] the item height must be less than the height of the UICollectionView minus the section insets top and bottom values, minus the content insets top and bottom values.
2023-07-16 22:42:35.779394+0300 Movies[16445:311674] The relevant UICollectionViewFlowLayout instance is <UICollectionViewFlowLayout: 0x7fcd873c1820>, and it is attached to <UICollectionView: 0x7fcd8bb42e00; frame = (0 0; 350 50); clipsToBounds = YES; gestureRecognizers = <NSArray: 0x6000023e01b0>; backgroundColor = <UIDynamicSystemColor: 0x60000387bac0; name = systemBackgroundColor>; layer = <CALayer: 0x6000027ce140>; contentOffset: {0, 0}; contentSize: {255, 50}; adjustedContentInset: {0, 0, 0, 0}; layout: <UICollectionViewFlowLayout: 0x7fcd873c1820>; dataSource: <Movies_Platforms_iOS_Adapters_RatingAdapterIOS: 0x600006f22680>>.
2023-07-16 22:42:35.779468+0300 Movies[16445:311674] Make a symbolic breakpoint at UICollectionViewFlowLayoutBreakForInvalidSizes to catch this in the debugger.
2023-07-16 22:42:36.699892+0300 Movies[16445:311674] The behavior of the UICollectionViewFlowLayout is not defined because:
2023-07-16 22:42:36.700025+0300 Movies[16445:311674] the item height must be less than the height of the UICollectionView minus the section insets top and bottom values, minus the content insets top and bottom values.
2023-07-16 22:42:36.700257+0300 Movies[16445:311674] The relevant UICollectionViewFlowLayout instance is <UICollectionViewFlowLayout: 0x7fcd873cccc0>, and it is attached to <UICollectionView: 0x7fcd8bc8be00; frame = (0 0; 350 50); clipsToBounds = YES; gestureRecognizers = <NSArray: 0x6000023c2910>; backgroundColor = <UIDynamicSystemColor: 0x60000387bac0; name = systemBackgroundColor>; layer = <CALayer: 0x60000264f480>; contentOffset: {0, 0}; contentSize: {0, 0}; adjustedContentInset: {0, 0, 0, 0}; layout: <UICollectionViewFlowLayout: 0x7fcd873cccc0>; dataSource: <Movies_Platforms_iOS_Adapters_RatingAdapterIOS: 0x600006f1d1d0>>.
2023-07-16 22:42:36.700305+0300 Movies[16445:311674] Make a symbolic breakpoint at UICollectionViewFlowLayoutBreakForInvalidSizes to catch this in the debugger.
2023-07-16 22:42:37.001345+0300 Movies[16445:311674] The behavior of the UICollectionViewFlowLayout is not defined because:
2023-07-16 22:42:37.001445+0300 Movies[16445:311674] the item height must be less than the height of the UICollectionView minus the section insets top and bottom values, minus the content insets top and bottom values.
2023-07-16 22:42:37.001601+0300 Movies[16445:311674] The relevant UICollectionViewFlowLayout instance is <UICollectionViewFlowLayout: 0x7fcd873c1820>, and it is attached to <UICollectionView: 0x7fcd8bb42e00; frame = (0 0; 350 50); clipsToBounds = YES; gestureRecognizers = <NSArray: 0x6000023e01b0>; backgroundColor = <UIDynamicSystemColor: 0x60000387bac0; name = systemBackgroundColor>; layer = <CALayer: 0x6000027ce140>; contentOffset: {0, 0}; contentSize: {255, 50}; adjustedContentInset: {0, 0, 0, 0}; layout: <UICollectionViewFlowLayout: 0x7fcd873c1820>; dataSource: <Movies_Platforms_iOS_Adapters_RatingAdapterIOS: 0x600006f22680>>.
2023-07-16 22:42:37.001696+0300 Movies[16445:311674] Make a symbolic breakpoint at UICollectionViewFlowLayoutBreakForInvalidSizes to catch this in the debugger.
2023-07-16 22:42:38.286419+0300 Movies[16445:311674] The behavior of the UICollectionViewFlowLayout is not defined because:
2023-07-16 22:42:38.286530+0300 Movies[16445:311674] the item height must be less than the height of the UICollectionView minus the section insets top and bottom values, minus the content insets top and bottom values.
2023-07-16 22:42:38.286729+0300 Movies[16445:311674] The relevant UICollectionViewFlowLayout instance is <UICollectionViewFlowLayout: 0x7fcd8676b300>, and it is attached to <UICollectionView: 0x7fcd8dc61e00; frame = (0 0; 350 50); clipsToBounds = YES; gestureRecognizers = <NSArray: 0x6000023fa1c0>; backgroundColor = <UIDynamicSystemColor: 0x60000387bac0; name = systemBackgroundColor>; layer = <CALayer: 0x60000260f3c0>; contentOffset: {0, 0}; contentSize: {255, 50}; adjustedContentInset: {0, 0, 0, 0}; layout: <UICollectionViewFlowLayout: 0x7fcd8676b300>; dataSource: <Movies_Platforms_iOS_Adapters_RatingAdapterIOS: 0x600006f0ae80>>.
2023-07-16 22:42:38.286787+0300 Movies[16445:311674] Make a symbolic breakpoint at UICollectionViewFlowLayoutBreakForInvalidSizes to catch this in the debugger.
